{"C:\\development\\cli-works\\node-cli-tool\\react-ts-app\\src\\App.tsx": {"path":"C:\\development\\cli-works\\node-cli-tool\\react-ts-app\\src\\App.tsx","statementMap":{"0":{"start":{"line":3,"column":0},"end":{"line":3,"column":32}},"1":{"start":{"line":5,"column":22},"end":{"line":9,"column":1}},"2":{"start":{"line":6,"column":2},"end":{"line":8,"column":null}},"3":{"start":{"line":11,"column":0},"end":{"line":11,"column":19}}},"fnMap":{"0":{"name":"(anonymous_1)","decl":{"start":{"line":5,"column":22},"end":{"line":5,"column":25}},"loc":{"start":{"line":5,"column":27},"end":{"line":9,"column":1}}}},"branchMap":{},"s":{"0":1,"1":1,"2":1,"3":1},"f":{"0":1},"b":{}}
,"C:\\development\\cli-works\\node-cli-tool\\react-ts-app\\src\\components\\common\\Button.tsx": {"path":"C:\\development\\cli-works\\node-cli-tool\\react-ts-app\\src\\components\\common\\Button.tsx","statementMap":{"0":{"start":{"line":8,"column":38},"end":{"line":10,"column":1}},"1":{"start":{"line":9,"column":2},"end":{"line":9,"column":51}},"2":{"start":{"line":12,"column":0},"end":{"line":12,"column":22}}},"fnMap":{"0":{"name":"(anonymous_0)","decl":{"start":{"line":8,"column":38},"end":{"line":8,"column":39}},"loc":{"start":{"line":8,"column":60},"end":{"line":10,"column":1}}}},"branchMap":{},"s":{"0":2,"1":3,"2":2},"f":{"0":3},"b":{}}
,"C:\\development\\cli-works\\node-cli-tool\\react-ts-app\\src\\pages\\Home.tsx": {"path":"C:\\development\\cli-works\\node-cli-tool\\react-ts-app\\src\\pages\\Home.tsx","statementMap":{"0":{"start":{"line":2,"column":0},"end":{"line":2,"column":49}},"1":{"start":{"line":4,"column":23},"end":{"line":15,"column":1}},"2":{"start":{"line":5,"column":22},"end":{"line":7,"column":3}},"3":{"start":{"line":6,"column":4},"end":{"line":6,"column":35}},"4":{"start":{"line":9,"column":2},"end":{"line":14,"column":4}},"5":{"start":{"line":17,"column":0},"end":{"line":17,"column":20}}},"fnMap":{"0":{"name":"(anonymous_1)","decl":{"start":{"line":4,"column":23},"end":{"line":4,"column":26}},"loc":{"start":{"line":4,"column":28},"end":{"line":15,"column":1}}},"1":{"name":"(anonymous_2)","decl":{"start":{"line":5,"column":22},"end":{"line":5,"column":25}},"loc":{"start":{"line":5,"column":27},"end":{"line":7,"column":3}}}},"branchMap":{},"s":{"0":1,"1":1,"2":1,"3":0,"4":1,"5":1},"f":{"0":1,"1":0},"b":{}}
}
